Arguments: 
  /usr/local/bin/node /usr/local/Cellar/yarn/1.5.1_1/libexec/bin/yarn.js run dev

PATH: 
  /usr/local/bin:/usr/local/sbin:/usr/bin:/bin:/usr/sbin:/sbin

Yarn version: 
  1.5.1

Node version: 
  11.8.0

Platform: 
  darwin x64

npm manifest: 
  {
    "name": "BackofficeBen",
    "version": "1.0.0",
    "description": "My breathtaking Nuxt.js project",
    "author": "Anne Lagarde",
    "private": true,
    "scripts": {
      "dev": "nuxt",
      "build": "nuxt build",
      "start": "nuxt start",
      "np": "nuxt generate"
    },
    "dependencies": {
      "axios": "^0.18.0",
      "cross-env": "^5.2.0",
      "git ": "^2.5.4",
      "node-minify": "^3.6.0",
      "node-sass": "^4.12.0",
      "nuxt": "^2.4.0",
      "sass-loader": "^7.1.0",
      "tar": "^=4.4.2",
      "webpack": "^4.30.0"
    },
    "devDependencies": {
      "babel-eslint": "^8.2.6",
      "eslint": "^4.19.1",
      "nodemon": "^1.18.9"
    }
  }

yarn manifest: 
  No manifest

Lockfile: 
  No lockfile

Trace: 
  Error: Command failed.
  Exit code: 1
  Command: sh
  Arguments: -c nuxt
  Directory: /Users/Haygie/Desktop/BenBackOffice-Nuxt
  Output:
  
      at ProcessTermError.MessageError (/usr/local/Cellar/yarn/1.5.1_1/libexec/lib/cli.js:186:110)
      at new ProcessTermError (/usr/local/Cellar/yarn/1.5.1_1/libexec/lib/cli.js:226:113)
      at ChildProcess.<anonymous> (/usr/local/Cellar/yarn/1.5.1_1/libexec/lib/cli.js:30281:17)
      at ChildProcess.emit (events.js:197:13)
      at maybeClose (internal/child_process.js:978:16)
      at Process.ChildProcess._handle.onexit (internal/child_process.js:265:5)
